RUN	Gatling	gatling	1662576557100	 	3.8.3
USER	Gatling Simulation	START	1662576558570
REQUEST		Home	1662576558567	1662576563708	OK	 
REQUEST		v2.js	1662576563935	1662576564150	OK	 
REQUEST		quicklatex-format.css?ver=6.0.2	1662576563933	1662576564163	OK	 
REQUEST		activity;xsp=4893971;ord=1?	1662576563932	1662576564183	OK	 
REQUEST		js?id=UA-53375088-1	1662576563913	1662576564255	OK	 
REQUEST		v2.js?pre=1	1662576563936	1662576564263	OK	 
REQUEST		8006059.js	1662576563905	1662576564270	OK	 
REQUEST		radiantthemes-addons-core.css?ver=1662574496	1662576564181	1662576564417	OK	 
REQUEST		radiantthemes-custom-fonts.css?ver=1662574496	1662576564421	1662576564655	OK	 
REQUEST		style.css?ver=6.0.2	1662576563934	1662576564715	OK	 
REQUEST		menu-image.css?ver=3.0.8	1662576563934	1662576564769	OK	 
REQUEST		flatpickr.min.css?ver=3.2.15	1662576564721	1662576564972	OK	 
REQUEST		style.min.css?ver=6.0.2	1662576563933	1662576565170	OK	 
REQUEST		icofont.min.css?ver=1662574496	1662576563935	1662576565194	OK	 
REQUEST		dashicons.min.css?ver=6.0.2	1662576563934	1662576565210	OK	 
REQUEST		lazyload-shared.css?ver=2.16.5	1662576564977	1662576565231	OK	 
REQUEST		select2.min.css?ver=6.0.2	1662576564774	1662576565316	OK	 
REQUEST		radiantthemes-responsive.css?ver=1662574496	1662576565213	1662576565461	OK	 
REQUEST		radiantthemes-user-custom.css?ver=1662574496	1662576565317	1662576565585	OK	 
REQUEST		frontend.min.css?ver=3.2.15	1662576564661	1662576565589	OK	 
REQUEST		radiantthemes-all.min.css?ver=1662574496	1662576565192	1662576565676	OK	 
REQUEST		radiantthemes-dynamic.css?ver=1662574496	1662576565464	1662576565713	OK	 
REQUEST		style.css?ver=1662574496	1662576565232	1662576565728	OK	 
REQUEST		default.min.css?ver=1.14	1662576565587	1662576565882	OK	 
REQUEST		jquery.min.js?ver=3.6.0	1662576565688	1662576565935	OK	 
REQUEST		jquery-migrate.min.js?ver=3.3.2	1662576565716	1662576565965	OK	 
REQUEST		scripts.js?ver=6.0.2	1662576565731	1662576565986	OK	 
REQUEST		loadmore_script.js?ver=6.0.2	1662576565887	1662576566165	OK	 
REQUEST		flatpickr.min.js?ver=6.0.2	1662576565936	1662576566179	OK	 
REQUEST		select2.min.js?ver=6.0.2	1662576565966	1662576566212	OK	 
REQUEST		wp-quicklatex-frontend.js?ver=1.0	1662576565987	1662576566235	OK	 
REQUEST		radiantthemes-custom.css?ver=1662574496	1662576565209	1662576566416	OK	 
REQUEST		gatling-favicon-1.png	1662576566181	1662576566439	OK	 
REQUEST		gatling-favicon.png	1662576566170	1662576566442	OK	 
REQUEST		gatling-og.jpg	1662576566213	1662576566464	OK	 
REQUEST		avoid-crashing.svg	1662576566236	1662576566483	OK	 
REQUEST		Improve-time-to-market.svg	1662576566438	1662576566678	OK	 
REQUEST		Enhance-user-experience.svg	1662576566440	1662576566681	OK	 
REQUEST		Boost-your-business.svg	1662576566443	1662576566712	OK	 
REQUEST		Gatling-New-Injector_US_EU-300x300.png	1662576566468	1662576566716	OK	 
REQUEST		NEWS-Injector-India-300x300.png	1662576566483	1662576566738	OK	 
REQUEST		WS-Carrousel-M3-300x300.png	1662576566682	1662576566922	OK	 
REQUEST		Sans-titre-1-300x300.png	1662576566679	1662576566926	OK	 
REQUEST		logo-aircall.png	1662576566924	1662576567163	OK	 
REQUEST		a6eab4074a8c7a64c2f826fa529aeaf0.png	1662576566928	1662576567172	OK	 
REQUEST		gatling-open-source.png	1662576566717	1662576567214	OK	 
REQUEST		dashboard-frontline-1.png	1662576566740	1662576567245	OK	 
REQUEST		gatling-academy-1024x545.png	1662576567165	1662576567413	OK	 
REQUEST		gatling-tutorial-1024x683.jpg	1662576567216	1662576567465	OK	 
REQUEST		Gatling-Clients-v2.png	1662576566713	1662576567505	OK	 
REQUEST		STÉPHANE-LANDELLE-gatling.jpg	1662576567414	1662576567655	OK	 
REQUEST		whitepaper-gatling-1024x576.jpg	1662576567174	1662576567663	OK	 
REQUEST		pepites-tech@2x-196x106.png	1662576567466	1662576567715	OK	 
REQUEST		tutorial-gatling.jpg	1662576567247	1662576567745	OK	 
REQUEST		management@2x-196x106.png	1662576567506	1662576567773	OK	 
REQUEST		bfm@2x-196x106.png	1662576567655	1662576567896	OK	 
REQUEST		medium@2x-196x106.png	1662576567664	1662576567907	OK	 
REQUEST		forbes.svg	1662576567717	1662576567965	OK	 
REQUEST		telegraph@2x-196x106.png	1662576567747	1662576567995	OK	 
REQUEST		logo-gatling-noir.svg	1662576567775	1662576568043	OK	 
REQUEST		discourse-svg.svg	1662576567897	1662576568137	OK	 
REQUEST		facebook.svg	1662576567908	1662576568155	OK	 
REQUEST		js_composer.min.css?ver=6.9.0	1662576565593	1662576568172	OK	 
REQUEST		twitter.svg	1662576567967	1662576568216	OK	 
REQUEST		linkedin.svg	1662576567999	1662576568244	OK	 
REQUEST		youtube.svg	1662576568044	1662576568318	OK	 
REQUEST		github.svg	1662576568138	1662576568375	OK	 
REQUEST		v4-shims.min.css?ver=6.9.0	1662576568157	1662576568400	OK	 
REQUEST		all.min.css?ver=6.9.0	1662576568185	1662576568417	OK	 
REQUEST		lightbox.min.css?ver=6.9.0	1662576568320	1662576568587	OK	 
REQUEST		owl.min.css?ver=6.9.0	1662576568376	1662576568613	OK	 
REQUEST		animate.min.css?ver=6.9.0	1662576568403	1662576568648	OK	 
REQUEST		js_composer_tta.min.css?ver=6.9.0	1662576568217	1662576568717	OK	 
REQUEST		radiantthemes-addons-custom.css?ver=6.0.2	1662576568245	1662576568743	OK	 
REQUEST		frontend.min.js?ver=3.2.15	1662576568616	1662576568852	OK	 
REQUEST		radiantthemes-addons-custom.js?ver=1662574496	1662576568589	1662576568856	OK	 
REQUEST		radiantthemes-addons-core.js?ver=1662574496	1662576568421	1662576568885	OK	 
REQUEST		lazyload-shared.js?ver=2.16.5	1662576568651	1662576568894	OK	 
REQUEST		lazyload-youtube.js?ver=2.16.5	1662576568726	1662576568972	OK	 
REQUEST		lazyload-vimeo.js?ver=2.16.5	1662576568750	1662576568998	OK	 
REQUEST		bootstrap.min.js?ver=1662574496	1662576568853	1662576569095	OK	 
REQUEST		jquery.onePageNav.min.js?ver=1662574496	1662576568886	1662576569121	OK	 
REQUEST		jquery.sidr.min.js?ver=1662574496	1662576568857	1662576569124	OK	 
REQUEST		jquery.matchHeight-min.js?ver=1662574496	1662576568895	1662576569136	OK	 
REQUEST		wow.min.js?ver=1662574496	1662576568973	1662576569220	OK	 
REQUEST		jquery.nicescroll.min.js?ver=1662574496	1662576568999	1662576569253	OK	 
REQUEST		jquery.sticky.min.js?ver=1662574496	1662576569097	1662576569337	OK	 
REQUEST		jquery.fancybox.min.js?ver=1662574496	1662576569122	1662576569360	OK	 
REQUEST		odometer.min.js?ver=1662574496	1662576569137	1662576569384	OK	 
REQUEST		isotope.pkgd.min.js?ver=1662574496	1662576569125	1662576569392	OK	 
REQUEST		jquery.cookie.min.js?ver=1662574496	1662576569221	1662576569466	OK	 
REQUEST		radiantthemes-custom.js?ver=1662574496	1662576569254	1662576569504	OK	 
REQUEST		lazysizes.min.js?ver=1626876224	1662576569338	1662576569579	OK	 
REQUEST		ls.unveilhooks.min.js?ver=1626876224	1662576569361	1662576569599	OK	 
REQUEST		js_composer_front.min.js?ver=6.9.0	1662576569385	1662576569629	OK	 
REQUEST		vc-accordion.min.js?ver=6.9.0	1662576569393	1662576569660	OK	 
REQUEST		vc-tta-autoplay.min.js?ver=6.9.0	1662576569468	1662576569717	OK	 
REQUEST		vc-tabs.min.js?ver=6.9.0	1662576569505	1662576569752	OK	 
REQUEST		lightbox.min.js?ver=6.9.0	1662576569581	1662576569822	OK	 
REQUEST		owl.carousel.min.js?ver=6.9.0	1662576569600	1662576569844	OK	 
REQUEST		imagesloaded.pkgd.min.js?ver=6.9.0	1662576569630	1662576569875	OK	 
REQUEST		underscore.min.js?ver=1.13.3	1662576569661	1662576569932	OK	 
REQUEST		vc-waypoints.min.js?ver=6.9.0	1662576569718	1662576569963	OK	 
REQUEST		vc_grid.min.js?ver=6.9.0	1662576569753	1662576570003	OK	 
REQUEST		Open Source	1662576570005	1662576570774	OK	 
REQUEST		Open Source Redirect 1	1662576570781	1662576571483	OK	 
REQUEST		v2.js	1662576571543	1662576571596	OK	 
REQUEST		radiantthemes-responsive.css?ver=1662575319	1662576571542	1662576571780	OK	 
REQUEST		radiantthemes-custom-fonts.css?ver=1662575319	1662576571542	1662576571793	OK	 
REQUEST		icofont.min.css?ver=1662575319	1662576571541	1662576571812	OK	 
REQUEST		radiantthemes-addons-core.css?ver=1662575319	1662576571541	1662576571816	OK	 
REQUEST		radiantthemes-all.min.css?ver=1662575319	1662576571542	1662576571837	OK	 
REQUEST		style.css?ver=1662575319	1662576571784	1662576572022	OK	 
REQUEST		radiantthemes-user-custom.css?ver=1662575319	1662576571795	1662576572041	OK	 
REQUEST		radiantthemes-dynamic.css?ver=1662575319	1662576571815	1662576572056	OK	 
REQUEST		gatling-analyze-bottleneck-data.png	1662576571840	1662576572089	OK	 
REQUEST		info.svg	1662576571818	1662576572100	OK	 
REQUEST		one-1.svg	1662576572043	1662576572287	OK	 
REQUEST		download.svg	1662576572058	1662576572302	OK	 
REQUEST		two-1.svg	1662576572090	1662576572337	OK	 
REQUEST		gatling-enterprise-logo.svg	1662576572101	1662576572377	OK	 
REQUEST		continuous-load-testing-gatling.png	1662576572027	1662576572502	OK	 
REQUEST		radiantthemes-custom.css?ver=1662575319	1662576571542	1662576572506	OK	 
REQUEST		radiantthemes-addons-core.js?ver=1662575319	1662576572288	1662576572534	OK	 
REQUEST		radiantthemes-addons-custom.js?ver=1662575319	1662576572303	1662576572548	OK	 
REQUEST		bootstrap.min.js?ver=1662575319	1662576572338	1662576572588	OK	 
REQUEST		jquery.sidr.min.js?ver=1662575319	1662576572378	1662576572646	OK	 
REQUEST		jquery.onePageNav.min.js?ver=1662575319	1662576572503	1662576572737	OK	 
REQUEST		jquery.matchHeight-min.js?ver=1662575319	1662576572528	1662576572765	OK	 
REQUEST		wow.min.js?ver=1662575319	1662576572535	1662576572780	OK	 
REQUEST		jquery.nicescroll.min.js?ver=1662575319	1662576572549	1662576572795	OK	 
REQUEST		jquery.sticky.min.js?ver=1662575319	1662576572588	1662576572838	OK	 
REQUEST		jquery.fancybox.min.js?ver=1662575319	1662576572646	1662576572915	OK	 
REQUEST		isotope.pkgd.min.js?ver=1662575319	1662576572737	1662576572972	OK	 
REQUEST		odometer.min.js?ver=1662575319	1662576572766	1662576573003	OK	 
REQUEST		jquery.cookie.min.js?ver=1662575319	1662576572780	1662576573028	OK	 
REQUEST		radiantthemes-custom.js?ver=1662575319	1662576572795	1662576573043	OK	 
USER	Gatling Simulation	END	1662576573049
