RUN	Gatling	gatling	1662576438105	 	3.8.3
USER	Gatling Simulation	START	1662576439404
REQUEST		Home	1662576439400	1662576441110	OK	 
REQUEST		v2.js?pre=1	1662576441334	1662576441512	OK	 
REQUEST		v2.js	1662576441333	1662576441548	OK	 
REQUEST		activity;xsp=4893971;ord=1?	1662576441330	1662576441570	OK	 
REQUEST		quicklatex-format.css?ver=6.0.2	1662576441331	1662576441572	OK	 
REQUEST		8006059.js	1662576441318	1662576441617	OK	 
REQUEST		js?id=UA-53375088-1	1662576441329	1662576441659	OK	 
REQUEST		radiantthemes-addons-core.css?ver=1662574496	1662576441584	1662576441824	OK	 
REQUEST		radiantthemes-custom-fonts.css?ver=1662574496	1662576441828	1662576442076	OK	 
REQUEST		menu-image.css?ver=3.0.8	1662576441332	1662576442087	OK	 
REQUEST		style.css?ver=6.0.2	1662576441333	1662576442095	OK	 
REQUEST		frontend.min.css?ver=3.2.15	1662576442081	1662576442321	OK	 
REQUEST		select2.min.css?ver=6.0.2	1662576442099	1662576442343	OK	 
REQUEST		flatpickr.min.css?ver=3.2.15	1662576442090	1662576442567	OK	 
REQUEST		lazyload-shared.css?ver=2.16.5	1662576442336	1662576442575	OK	 
REQUEST		dashicons.min.css?ver=6.0.2	1662576441332	1662576442621	OK	 
REQUEST		icofont.min.css?ver=1662574496	1662576441333	1662576442663	OK	 
REQUEST		style.min.css?ver=6.0.2	1662576441331	1662576442675	OK	 
REQUEST		radiantthemes-responsive.css?ver=1662574496	1662576442577	1662576442820	OK	 
REQUEST		style.css?ver=1662574496	1662576442629	1662576442889	OK	 
REQUEST		radiantthemes-user-custom.css?ver=1662574496	1662576442674	1662576442934	OK	 
REQUEST		radiantthemes-dynamic.css?ver=1662574496	1662576442681	1662576442944	OK	 
REQUEST		radiantthemes-all.min.css?ver=1662574496	1662576442346	1662576443067	OK	 
REQUEST		default.min.css?ver=1.14	1662576442823	1662576443079	OK	 
REQUEST		jquery.min.js?ver=3.6.0	1662576442934	1662576443196	OK	 
REQUEST		jquery-migrate.min.js?ver=3.3.2	1662576442945	1662576443208	OK	 
REQUEST		scripts.js?ver=6.0.2	1662576443077	1662576443318	OK	 
REQUEST		loadmore_script.js?ver=6.0.2	1662576443081	1662576443326	OK	 
REQUEST		flatpickr.min.js?ver=6.0.2	1662576443197	1662576443460	OK	 
REQUEST		select2.min.js?ver=6.0.2	1662576443208	1662576443473	OK	 
REQUEST		wp-quicklatex-frontend.js?ver=1.0	1662576443318	1662576443558	OK	 
REQUEST		gatling-favicon.png	1662576443326	1662576443561	OK	 
REQUEST		js_composer.min.css?ver=6.9.0	1662576442891	1662576443657	OK	 
REQUEST		gatling-favicon-1.png	1662576443461	1662576443718	OK	 
REQUEST		gatling-og.jpg	1662576443474	1662576443750	OK	 
REQUEST		radiantthemes-custom.css?ver=1662574496	1662576442569	1662576443773	OK	 
REQUEST		avoid-crashing.svg	1662576443559	1662576443802	OK	 
REQUEST		Improve-time-to-market.svg	1662576443561	1662576443803	OK	 
REQUEST		Enhance-user-experience.svg	1662576443678	1662576443934	OK	 
REQUEST		Boost-your-business.svg	1662576443718	1662576443975	OK	 
REQUEST		NEWS-Injector-India-300x300.png	1662576443780	1662576444023	OK	 
REQUEST		Gatling-New-Injector_US_EU-300x300.png	1662576443750	1662576444025	OK	 
REQUEST		Sans-titre-1-300x300.png	1662576443802	1662576444044	OK	 
REQUEST		WS-Carrousel-M3-300x300.png	1662576443803	1662576444047	OK	 
REQUEST		Gatling-Clients-v2.png	1662576443935	1662576444193	OK	 
REQUEST		dashboard-frontline-1.png	1662576444023	1662576444270	OK	 
REQUEST		a6eab4074a8c7a64c2f826fa529aeaf0.png	1662576444045	1662576444287	OK	 
REQUEST		gatling-academy-1024x545.png	1662576444048	1662576444290	OK	 
REQUEST		logo-aircall.png	1662576444026	1662576444299	OK	 
REQUEST		whitepaper-gatling-1024x576.jpg	1662576444195	1662576444453	OK	 
REQUEST		gatling-open-source.png	1662576443975	1662576444495	OK	 
REQUEST		gatling-tutorial-1024x683.jpg	1662576444271	1662576444511	OK	 
REQUEST		STÉPHANE-LANDELLE-gatling.jpg	1662576444290	1662576444532	OK	 
REQUEST		pepites-tech@2x-196x106.png	1662576444300	1662576444568	OK	 
REQUEST		management@2x-196x106.png	1662576444454	1662576444709	OK	 
REQUEST		medium@2x-196x106.png	1662576444511	1662576444754	OK	 
REQUEST		bfm@2x-196x106.png	1662576444496	1662576444757	OK	 
REQUEST		tutorial-gatling.jpg	1662576444288	1662576444774	OK	 
REQUEST		forbes.svg	1662576444533	1662576444776	OK	 
REQUEST		telegraph@2x-196x106.png	1662576444569	1662576444843	OK	 
REQUEST		logo-gatling-noir.svg	1662576444710	1662576444968	OK	 
REQUEST		discourse-svg.svg	1662576444755	1662576444996	OK	 
REQUEST		twitter.svg	1662576444775	1662576445012	OK	 
REQUEST		facebook.svg	1662576444757	1662576445016	OK	 
REQUEST		linkedin.svg	1662576444776	1662576445019	OK	 
REQUEST		youtube.svg	1662576444844	1662576445124	OK	 
REQUEST		github.svg	1662576444969	1662576445228	OK	 
REQUEST		v4-shims.min.css?ver=6.9.0	1662576444997	1662576445234	OK	 
REQUEST		all.min.css?ver=6.9.0	1662576445013	1662576445257	OK	 
REQUEST		lightbox.min.css?ver=6.9.0	1662576445125	1662576445410	OK	 
REQUEST		animate.min.css?ver=6.9.0	1662576445236	1662576445479	OK	 
REQUEST		owl.min.css?ver=6.9.0	1662576445228	1662576445483	OK	 
REQUEST		radiantthemes-addons-core.js?ver=1662574496	1662576445259	1662576445500	OK	 
REQUEST		radiantthemes-addons-custom.css?ver=6.0.2	1662576445020	1662576445506	OK	 
REQUEST		js_composer_tta.min.css?ver=6.9.0	1662576445017	1662576445530	OK	 
REQUEST		radiantthemes-addons-custom.js?ver=1662574496	1662576445412	1662576445704	OK	 
REQUEST		frontend.min.js?ver=3.2.15	1662576445482	1662576445724	OK	 
REQUEST		lazyload-shared.js?ver=2.16.5	1662576445486	1662576445740	OK	 
REQUEST		lazyload-youtube.js?ver=2.16.5	1662576445501	1662576445743	OK	 
REQUEST		lazyload-vimeo.js?ver=2.16.5	1662576445513	1662576445756	OK	 
REQUEST		bootstrap.min.js?ver=1662574496	1662576445534	1662576445786	OK	 
REQUEST		jquery.onePageNav.min.js?ver=1662574496	1662576445725	1662576445959	OK	 
REQUEST		jquery.sidr.min.js?ver=1662574496	1662576445705	1662576445983	OK	 
REQUEST		wow.min.js?ver=1662574496	1662576445744	1662576445985	OK	 
REQUEST		jquery.matchHeight-min.js?ver=1662574496	1662576445741	1662576445999	OK	 
REQUEST		jquery.nicescroll.min.js?ver=1662574496	1662576445756	1662576446001	OK	 
REQUEST		jquery.sticky.min.js?ver=1662574496	1662576445786	1662576446042	OK	 
REQUEST		jquery.fancybox.min.js?ver=1662574496	1662576445960	1662576446205	OK	 
REQUEST		odometer.min.js?ver=1662574496	1662576445985	1662576446226	OK	 
REQUEST		radiantthemes-custom.js?ver=1662574496	1662576446001	1662576446240	OK	 
REQUEST		isotope.pkgd.min.js?ver=1662574496	1662576445983	1662576446252	OK	 
REQUEST		jquery.cookie.min.js?ver=1662574496	1662576446000	1662576446253	OK	 
REQUEST		lazysizes.min.js?ver=1626876224	1662576446043	1662576446306	OK	 
REQUEST		ls.unveilhooks.min.js?ver=1626876224	1662576446206	1662576446437	OK	 
REQUEST		js_composer_front.min.js?ver=6.9.0	1662576446227	1662576446470	OK	 
REQUEST		vc-accordion.min.js?ver=6.9.0	1662576446241	1662576446484	OK	 
REQUEST		vc-tabs.min.js?ver=6.9.0	1662576446254	1662576446510	OK	 
REQUEST		vc-tta-autoplay.min.js?ver=6.9.0	1662576446252	1662576446516	OK	 
REQUEST		lightbox.min.js?ver=6.9.0	1662576446307	1662576446567	OK	 
REQUEST		owl.carousel.min.js?ver=6.9.0	1662576446438	1662576446682	OK	 
REQUEST		imagesloaded.pkgd.min.js?ver=6.9.0	1662576446471	1662576446714	OK	 
REQUEST		underscore.min.js?ver=1.13.3	1662576446484	1662576446731	OK	 
REQUEST		vc-waypoints.min.js?ver=6.9.0	1662576446511	1662576446764	OK	 
REQUEST		vc_grid.min.js?ver=6.9.0	1662576446517	1662576446803	OK	 
REQUEST		Open Source	1662576446804	1662576447520	OK	 
REQUEST		Open Source Redirect 1	1662576447524	1662576447765	OK	 
REQUEST		8006059.js	1662576447800	1662576447848	OK	 
REQUEST		v2.js	1662576447803	1662576447914	OK	 
REQUEST		js?id=UA-53375088-1	1662576447801	1662576447931	OK	 
REQUEST		quicklatex-format.css?ver=6.0.2	1662576447801	1662576448038	OK	 
REQUEST		icofont.min.css?ver=1662575319	1662576447803	1662576448045	OK	 
REQUEST		menu-image.css?ver=3.0.8	1662576447802	1662576448060	OK	 
REQUEST		style.min.css?ver=6.0.2	1662576447802	1662576448062	OK	 
REQUEST		style.css?ver=6.0.2	1662576447803	1662576448065	OK	 
REQUEST		dashicons.min.css?ver=6.0.2	1662576447802	1662576448109	OK	 
REQUEST		radiantthemes-custom-fonts.css?ver=1662575319	1662576448048	1662576448282	OK	 
REQUEST		radiantthemes-addons-core.css?ver=1662575319	1662576448040	1662576448285	OK	 
REQUEST		flatpickr.min.css?ver=3.2.15	1662576448064	1662576448303	OK	 
REQUEST		frontend.min.css?ver=3.2.15	1662576448061	1662576448318	OK	 
REQUEST		select2.min.css?ver=6.0.2	1662576448067	1662576448328	OK	 
REQUEST		lazyload-shared.css?ver=2.16.5	1662576448110	1662576448396	OK	 
REQUEST		radiantthemes-all.min.css?ver=1662575319	1662576448283	1662576448528	OK	 
REQUEST		radiantthemes-responsive.css?ver=1662575319	1662576448304	1662576448546	OK	 
REQUEST		style.css?ver=1662575319	1662576448321	1662576448574	OK	 
REQUEST		radiantthemes-user-custom.css?ver=1662575319	1662576448329	1662576448590	OK	 
REQUEST		radiantthemes-dynamic.css?ver=1662575319	1662576448397	1662576448695	OK	 
REQUEST		default.min.css?ver=1.14	1662576448534	1662576448773	OK	 
REQUEST		radiantthemes-custom.css?ver=1662575319	1662576448287	1662576448779	OK	 
REQUEST		jquery.min.js?ver=3.6.0	1662576448575	1662576448831	OK	 
REQUEST		jquery-migrate.min.js?ver=3.3.2	1662576448591	1662576448848	OK	 
REQUEST		scripts.js?ver=6.0.2	1662576448696	1662576448993	OK	 
REQUEST		loadmore_script.js?ver=6.0.2	1662576448773	1662576449012	OK	 
REQUEST		js_composer.min.css?ver=6.9.0	1662576448548	1662576449022	OK	 
REQUEST		flatpickr.min.js?ver=6.0.2	1662576448789	1662576449032	OK	 
REQUEST		select2.min.js?ver=6.0.2	1662576448831	1662576449083	OK	 
REQUEST		wp-quicklatex-frontend.js?ver=1.0	1662576448848	1662576449111	OK	 
REQUEST		gatling-favicon-1.png	1662576449012	1662576449249	OK	 
REQUEST		info.svg	1662576449023	1662576449264	OK	 
REQUEST		gatling-open-source.png	1662576449033	1662576449272	OK	 
REQUEST		gatling-favicon.png	1662576448994	1662576449301	OK	 
REQUEST		gatling-analyze-bottleneck-data.png	1662576449084	1662576449342	OK	 
REQUEST		continuous-load-testing-gatling.png	1662576449112	1662576449371	OK	 
REQUEST		one-1.svg	1662576449249	1662576449487	OK	 
REQUEST		download.svg	1662576449264	1662576449508	OK	 
REQUEST		two-1.svg	1662576449272	1662576449514	OK	 
REQUEST		dashboard-frontline-1.png	1662576449343	1662576449603	OK	 
REQUEST		gatling-enterprise-logo.svg	1662576449301	1662576449613	OK	 
REQUEST		logo-aircall.png	1662576449371	1662576449630	OK	 
REQUEST		a6eab4074a8c7a64c2f826fa529aeaf0.png	1662576449487	1662576449731	OK	 
REQUEST		gatling-academy-1024x545.png	1662576449508	1662576449754	OK	 
REQUEST		logo-gatling-noir.svg	1662576449514	1662576449757	OK	 
REQUEST		discourse-svg.svg	1662576449604	1662576449857	OK	 
REQUEST		twitter.svg	1662576449630	1662576449887	OK	 
REQUEST		facebook.svg	1662576449614	1662576449925	OK	 
REQUEST		linkedin.svg	1662576449731	1662576449970	OK	 
REQUEST		github.svg	1662576449758	1662576449997	OK	 
REQUEST		youtube.svg	1662576449755	1662576449998	OK	 
REQUEST		radiantthemes-addons-custom.css?ver=6.0.2	1662576449857	1662576450116	OK	 
REQUEST		radiantthemes-addons-core.js?ver=1662575319	1662576449888	1662576450149	OK	 
REQUEST		frontend.min.js?ver=3.2.15	1662576449971	1662576450212	OK	 
REQUEST		radiantthemes-addons-custom.js?ver=1662575319	1662576449925	1662576450233	OK	 
REQUEST		lazyload-shared.js?ver=2.16.5	1662576449997	1662576450239	OK	 
REQUEST		lazyload-youtube.js?ver=2.16.5	1662576449999	1662576450240	OK	 
REQUEST		lazyload-vimeo.js?ver=2.16.5	1662576450117	1662576450371	OK	 
REQUEST		bootstrap.min.js?ver=1662575319	1662576450149	1662576450411	OK	 
REQUEST		jquery.sidr.min.js?ver=1662575319	1662576450213	1662576450450	OK	 
REQUEST		jquery.matchHeight-min.js?ver=1662575319	1662576450239	1662576450479	OK	 
REQUEST		wow.min.js?ver=1662575319	1662576450240	1662576450480	OK	 
REQUEST		jquery.onePageNav.min.js?ver=1662575319	1662576450234	1662576450538	OK	 
REQUEST		jquery.nicescroll.min.js?ver=1662575319	1662576450372	1662576450631	OK	 
REQUEST		jquery.sticky.min.js?ver=1662575319	1662576450411	1662576450673	OK	 
REQUEST		jquery.fancybox.min.js?ver=1662575319	1662576450451	1662576450697	OK	 
REQUEST		isotope.pkgd.min.js?ver=1662575319	1662576450479	1662576450719	OK	 
REQUEST		odometer.min.js?ver=1662575319	1662576450481	1662576450721	OK	 
REQUEST		jquery.cookie.min.js?ver=1662575319	1662576450539	1662576450836	OK	 
REQUEST		radiantthemes-custom.js?ver=1662575319	1662576450631	1662576450887	OK	 
REQUEST		lazysizes.min.js?ver=1626876224	1662576450674	1662576450932	OK	 
REQUEST		ls.unveilhooks.min.js?ver=1626876224	1662576450698	1662576450934	OK	 
REQUEST		js_composer_front.min.js?ver=6.9.0	1662576450720	1662576450965	OK	 
USER	Gatling Simulation	END	1662576450978
