RUN	Gatling	gatling	1662576318005	 	3.8.3
USER	Gatling Simulation	START	1662576319609
REQUEST		Home	1662576319606	1662576321406	OK	 
REQUEST		v2.js	1662576321667	1662576321901	OK	 
REQUEST		activity;xsp=4893971;ord=1?	1662576321644	1662576321917	OK	 
REQUEST		quicklatex-format.css?ver=6.0.2	1662576321664	1662576321920	OK	 
REQUEST		8006059.js	1662576321599	1662576321993	OK	 
REQUEST		js?id=UA-53375088-1	1662576321623	1662576322012	OK	 
REQUEST		v2.js?pre=1	1662576321690	1662576322027	OK	 
REQUEST		radiantthemes-addons-core.css?ver=1662574496	1662576321941	1662576322196	OK	 
REQUEST		style.css?ver=6.0.2	1662576321666	1662576322419	OK	 
REQUEST		radiantthemes-custom-fonts.css?ver=1662574496	1662576322197	1662576322455	OK	 
REQUEST		menu-image.css?ver=3.0.8	1662576321665	1662576322469	OK	 
REQUEST		flatpickr.min.css?ver=3.2.15	1662576322462	1662576322717	OK	 
REQUEST		icofont.min.css?ver=1662574496	1662576321666	1662576322869	OK	 
REQUEST		dashicons.min.css?ver=6.0.2	1662576321666	1662576322937	OK	 
REQUEST		select2.min.css?ver=6.0.2	1662576322473	1662576322977	OK	 
REQUEST		lazyload-shared.css?ver=2.16.5	1662576322722	1662576322979	OK	 
REQUEST		style.min.css?ver=6.0.2	1662576321665	1662576322985	OK	 
REQUEST		frontend.min.css?ver=3.2.15	1662576322426	1662576323124	OK	 
REQUEST		style.css?ver=1662574496	1662576322981	1662576323237	OK	 
REQUEST		radiantthemes-user-custom.css?ver=1662574496	1662576322987	1662576323244	OK	 
REQUEST		radiantthemes-responsive.css?ver=1662574496	1662576322978	1662576323248	OK	 
REQUEST		radiantthemes-all.min.css?ver=1662574496	1662576322885	1662576323342	OK	 
REQUEST		radiantthemes-dynamic.css?ver=1662574496	1662576323128	1662576323362	OK	 
REQUEST		default.min.css?ver=1.14	1662576323242	1662576323497	OK	 
REQUEST		jquery-migrate.min.js?ver=3.3.2	1662576323358	1662576323583	OK	 
REQUEST		scripts.js?ver=6.0.2	1662576323364	1662576323596	OK	 
REQUEST		loadmore_script.js?ver=6.0.2	1662576323499	1662576323751	OK	 
REQUEST		jquery.min.js?ver=3.6.0	1662576323252	1662576323758	OK	 
REQUEST		flatpickr.min.js?ver=6.0.2	1662576323584	1662576323813	OK	 
REQUEST		select2.min.js?ver=6.0.2	1662576323597	1662576323833	OK	 
REQUEST		radiantthemes-custom.css?ver=1662574496	1662576322945	1662576323934	OK	 
REQUEST		wp-quicklatex-frontend.js?ver=1.0	1662576323752	1662576324011	OK	 
REQUEST		js_composer.min.css?ver=6.9.0	1662576323247	1662576324012	OK	 
REQUEST		gatling-favicon.png	1662576323759	1662576324016	OK	 
REQUEST		gatling-favicon-1.png	1662576323814	1662576324042	OK	 
REQUEST		gatling-og.jpg	1662576323835	1662576324071	OK	 
REQUEST		avoid-crashing.svg	1662576323954	1662576324199	OK	 
REQUEST		Improve-time-to-market.svg	1662576324011	1662576324263	OK	 
REQUEST		Boost-your-business.svg	1662576324017	1662576324269	OK	 
REQUEST		Enhance-user-experience.svg	1662576324016	1662576324273	OK	 
REQUEST		Gatling-New-Injector_US_EU-300x300.png	1662576324043	1662576324276	OK	 
REQUEST		NEWS-Injector-India-300x300.png	1662576324072	1662576324309	OK	 
REQUEST		Sans-titre-1-300x300.png	1662576324200	1662576324449	OK	 
REQUEST		dashboard-frontline-1.png	1662576324278	1662576324511	OK	 
REQUEST		WS-Carrousel-M3-300x300.png	1662576324265	1662576324523	OK	 
REQUEST		Gatling-Clients-v2.png	1662576324271	1662576324530	OK	 
REQUEST		gatling-open-source.png	1662576324274	1662576324535	OK	 
REQUEST		logo-aircall.png	1662576324311	1662576324545	OK	 
REQUEST		a6eab4074a8c7a64c2f826fa529aeaf0.png	1662576324451	1662576324695	OK	 
REQUEST		gatling-academy-1024x545.png	1662576324512	1662576324740	OK	 
REQUEST		whitepaper-gatling-1024x576.jpg	1662576324524	1662576324782	OK	 
REQUEST		STÉPHANE-LANDELLE-gatling.jpg	1662576324546	1662576324784	OK	 
REQUEST		gatling-tutorial-1024x683.jpg	1662576324531	1662576324787	OK	 
REQUEST		tutorial-gatling.jpg	1662576324536	1662576324795	OK	 
REQUEST		pepites-tech@2x-196x106.png	1662576324696	1662576324943	OK	 
REQUEST		management@2x-196x106.png	1662576324742	1662576324970	OK	 
REQUEST		medium@2x-196x106.png	1662576324785	1662576325019	OK	 
REQUEST		bfm@2x-196x106.png	1662576324783	1662576325038	OK	 
REQUEST		forbes.svg	1662576324788	1662576325039	OK	 
REQUEST		telegraph@2x-196x106.png	1662576324796	1662576325047	OK	 
REQUEST		logo-gatling-noir.svg	1662576324944	1662576325193	OK	 
REQUEST		discourse-svg.svg	1662576324970	1662576325199	OK	 
REQUEST		facebook.svg	1662576325019	1662576325251	OK	 
REQUEST		twitter.svg	1662576325039	1662576325295	OK	 
REQUEST		linkedin.svg	1662576325040	1662576325298	OK	 
REQUEST		youtube.svg	1662576325048	1662576325302	OK	 
REQUEST		v4-shims.min.css?ver=6.9.0	1662576325200	1662576325431	OK	 
REQUEST		github.svg	1662576325194	1662576325443	OK	 
REQUEST		all.min.css?ver=6.9.0	1662576325253	1662576325487	OK	 
REQUEST		js_composer_tta.min.css?ver=6.9.0	1662576325296	1662576325559	OK	 
REQUEST		lightbox.min.css?ver=6.9.0	1662576325305	1662576325571	OK	 
REQUEST		owl.min.css?ver=6.9.0	1662576325434	1662576325666	OK	 
REQUEST		animate.min.css?ver=6.9.0	1662576325444	1662576325694	OK	 
REQUEST		radiantthemes-addons-core.js?ver=1662574496	1662576325491	1662576325730	OK	 
REQUEST		radiantthemes-addons-custom.css?ver=6.0.2	1662576325300	1662576325818	OK	 
REQUEST		radiantthemes-addons-custom.js?ver=1662574496	1662576325569	1662576325834	OK	 
REQUEST		frontend.min.js?ver=3.2.15	1662576325573	1662576325838	OK	 
REQUEST		lazyload-shared.js?ver=2.16.5	1662576325668	1662576325896	OK	 
REQUEST		lazyload-youtube.js?ver=2.16.5	1662576325697	1662576325942	OK	 
REQUEST		lazyload-vimeo.js?ver=2.16.5	1662576325732	1662576325964	OK	 
REQUEST		jquery.sidr.min.js?ver=1662574496	1662576325836	1662576326088	OK	 
REQUEST		bootstrap.min.js?ver=1662574496	1662576325830	1662576326091	OK	 
REQUEST		jquery.onePageNav.min.js?ver=1662574496	1662576325839	1662576326096	OK	 
REQUEST		jquery.matchHeight-min.js?ver=1662574496	1662576325897	1662576326128	OK	 
REQUEST		wow.min.js?ver=1662574496	1662576325943	1662576326190	OK	 
REQUEST		jquery.nicescroll.min.js?ver=1662574496	1662576325966	1662576326204	OK	 
REQUEST		jquery.sticky.min.js?ver=1662574496	1662576326089	1662576326343	OK	 
REQUEST		jquery.fancybox.min.js?ver=1662574496	1662576326092	1662576326351	OK	 
REQUEST		isotope.pkgd.min.js?ver=1662574496	1662576326097	1662576326354	OK	 
REQUEST		odometer.min.js?ver=1662574496	1662576326129	1662576326359	OK	 
REQUEST		jquery.cookie.min.js?ver=1662574496	1662576326192	1662576326439	OK	 
REQUEST		radiantthemes-custom.js?ver=1662574496	1662576326205	1662576326442	OK	 
REQUEST		vc-accordion.min.js?ver=6.9.0	1662576326361	1662576326591	OK	 
REQUEST		lazysizes.min.js?ver=1626876224	1662576326344	1662576326603	OK	 
REQUEST		ls.unveilhooks.min.js?ver=1626876224	1662576326352	1662576326611	OK	 
REQUEST		js_composer_front.min.js?ver=6.9.0	1662576326355	1662576326614	OK	 
REQUEST		vc-tabs.min.js?ver=6.9.0	1662576326443	1662576326682	OK	 
REQUEST		vc-tta-autoplay.min.js?ver=6.9.0	1662576326440	1662576326685	OK	 
REQUEST		lightbox.min.js?ver=6.9.0	1662576326592	1662576326820	OK	 
REQUEST		owl.carousel.min.js?ver=6.9.0	1662576326604	1662576326865	OK	 
REQUEST		imagesloaded.pkgd.min.js?ver=6.9.0	1662576326612	1662576326870	OK	 
REQUEST		underscore.min.js?ver=1.13.3	1662576326615	1662576326872	OK	 
REQUEST		vc-waypoints.min.js?ver=6.9.0	1662576326683	1662576326919	OK	 
REQUEST		vc_grid.min.js?ver=6.9.0	1662576326686	1662576326931	OK	 
REQUEST		Open Source	1662576326932	1662576327769	OK	 
REQUEST		Open Source Redirect 1	1662576327776	1662576330570	OK	 
REQUEST		v2.js	1662576330647	1662576330709	OK	 
REQUEST		radiantthemes-custom-fonts.css?ver=1662575319	1662576330645	1662576330892	OK	 
REQUEST		radiantthemes-responsive.css?ver=1662575319	1662576330646	1662576330905	OK	 
REQUEST		icofont.min.css?ver=1662575319	1662576330644	1662576330933	OK	 
REQUEST		radiantthemes-addons-core.css?ver=1662575319	1662576330644	1662576330936	OK	 
REQUEST		style.css?ver=1662575319	1662576330894	1662576331131	OK	 
REQUEST		radiantthemes-user-custom.css?ver=1662575319	1662576330907	1662576331162	OK	 
REQUEST		radiantthemes-dynamic.css?ver=1662575319	1662576330935	1662576331188	OK	 
REQUEST		info.svg	1662576330937	1662576331192	OK	 
REQUEST		gatling-analyze-bottleneck-data.png	1662576331135	1662576331369	OK	 
REQUEST		radiantthemes-all.min.css?ver=1662575319	1662576330645	1662576331392	OK	 
REQUEST		continuous-load-testing-gatling.png	1662576331164	1662576331417	OK	 
REQUEST		one-1.svg	1662576331190	1662576331445	OK	 
REQUEST		download.svg	1662576331194	1662576331452	OK	 
REQUEST		two-1.svg	1662576331370	1662576331605	OK	 
REQUEST		gatling-enterprise-logo.svg	1662576331397	1662576331642	OK	 
REQUEST		radiantthemes-addons-core.js?ver=1662575319	1662576331418	1662576331672	OK	 
REQUEST		radiantthemes-addons-custom.js?ver=1662575319	1662576331446	1662576331704	OK	 
REQUEST		bootstrap.min.js?ver=1662575319	1662576331453	1662576331706	OK	 
REQUEST		radiantthemes-custom.css?ver=1662575319	1662576330646	1662576331779	OK	 
REQUEST		jquery.sidr.min.js?ver=1662575319	1662576331605	1662576331841	OK	 
REQUEST		jquery.onePageNav.min.js?ver=1662575319	1662576331642	1662576331892	OK	 
REQUEST		jquery.matchHeight-min.js?ver=1662575319	1662576331673	1662576331927	OK	 
REQUEST		wow.min.js?ver=1662575319	1662576331705	1662576331959	OK	 
REQUEST		jquery.nicescroll.min.js?ver=1662575319	1662576331707	1662576331960	OK	 
REQUEST		jquery.sticky.min.js?ver=1662575319	1662576331794	1662576332020	OK	 
REQUEST		jquery.fancybox.min.js?ver=1662575319	1662576331842	1662576332080	OK	 
REQUEST		isotope.pkgd.min.js?ver=1662575319	1662576331892	1662576332137	OK	 
REQUEST		odometer.min.js?ver=1662575319	1662576331927	1662576332184	OK	 
REQUEST		jquery.cookie.min.js?ver=1662575319	1662576331959	1662576332216	OK	 
REQUEST		radiantthemes-custom.js?ver=1662575319	1662576331960	1662576332218	OK	 
USER	Gatling Simulation	END	1662576332237
